╭───────────────────── Traceback (most recent call last) ──────────────────────╮
│ /Users/sperains/rainswork/work_daily/.venv/lib/python3.13/site-packages/rich │
│ _toolkit/utils/colors.py:150 in _get_terminal_color                          │
│                                                                              │
│   147 │                                                                      │
│   148 │   try:                                                               │
│   149 │   │   # Set terminal to raw mode                                     │
│ ❱ 150 │   │   tty.setraw(sys.stdin)                                          │
│   151 │   │                                                                  │
│   152 │   │   # Send OSC escape sequence to query color                      │
│   153 │   │   sys.stdout.write(f"\033]{osc_code};?\033\\")                   │
│                                                                              │
│ ╭───────────────────────────────── locals ─────────────────────────────────╮ │
│ │    color_type = 'background'                                             │ │
│ │ default_color = '#000000'                                                │ │
│ │  old_blocking = True                                                     │ │
│ │  old_settings = [                                                        │ │
│ │                 │   27458,                                               │ │
│ │                 │   3,                                                   │ │
│ │                 │   19200,                                               │ │
│ │                 │   1219,                                                │ │
│ │                 │   9600,                                                │ │
│ │                 │   9600,                                                │ │
│ │                 │   [                                                    │ │
│ │                 │   │   b'\x04',                                         │ │
│ │                 │   │   b'\xff',                                         │ │
│ │                 │   │   b'\xff',                                         │ │
│ │                 │   │   b'\x7f',                                         │ │
│ │                 │   │   b'\x17',                                         │ │
│ │                 │   │   b'\x15',                                         │ │
│ │                 │   │   b'\x12',                                         │ │
│ │                 │   │   b'\xff',                                         │ │
│ │                 │   │   b'\x03',                                         │ │
│ │                 │   │   b'\xff',                                         │ │
│ │                 │   │   ... +10                                          │ │
│ │                 │   ]                                                    │ │
│ │                 ]                                                        │ │
│ │            os = <module 'os' (frozen)>                                   │ │
│ │      osc_code = '11'                                                     │ │
│ │            re = <module 're' from                                        │ │
│ │                 '/Users/sperains/.local/share/uv/python/cpython-3.13.3-… │ │
│ │        select = <module 'select' (built-in)>                             │ │
│ │           sys = <module 'sys' (built-in)>                                │ │
│ │       termios = <module 'termios' (built-in)>                            │ │
│ │           tty = <module 'tty' from                                       │ │
│ │                 '/Users/sperains/.local/share/uv/python/cpython-3.13.3-… │ │
│ ╰──────────────────────────────────────────────────────────────────────────╯ │
│                                                                              │
│ /Users/sperains/.local/share/uv/python/cpython-3.13.3-macos-x86_64-none/lib/ │
│ python3.13/tty.py:64 in setraw                                               │
│                                                                              │
│   61 │   mode = tcgetattr(fd)                                                │
│   62 │   new = list(mode)                                                    │
│   63 │   cfmakeraw(new)                                                      │
│ ❱ 64 │   tcsetattr(fd, when, new)                                            │
│   65 │   return mode                                                         │
│   66                                                                         │
│   67 def setcbreak(fd, when=TCSAFLUSH):                                      │
│                                                                              │
│ ╭────────────────────────────── locals ───────────────────────────────╮      │
│ │   fd = <_io.TextIOWrapper name='<stdin>' mode='r' encoding='utf-8'> │      │
│ │ mode = [                                                            │      │
│ │        │   27458,                                                   │      │
│ │        │   3,                                                       │      │
│ │        │   19200,                                                   │      │
│ │        │   1219,                                                    │      │
│ │        │   9600,                                                    │      │
│ │        │   9600,                                                    │      │
│ │        │   [                                                        │      │
│ │        │   │   b'\x04',                                             │      │
│ │        │   │   b'\xff',                                             │      │
│ │        │   │   b'\xff',                                             │      │
│ │        │   │   b'\x7f',                                             │      │
│ │        │   │   b'\x17',                                             │      │
│ │        │   │   b'\x15',                                             │      │
│ │        │   │   b'\x12',                                             │      │
│ │        │   │   b'\xff',                                             │      │
│ │        │   │   b'\x03',                                             │      │
│ │        │   │   b'\xff',                                             │      │
│ │        │   │   ... +10                                              │      │
│ │        │   ]                                                        │      │
│ │        ]                                                            │      │
│ │  new = [                                                            │      │
│ │        │   24576,                                                   │      │
│ │        │   2,                                                       │      │
│ │        │   19200,                                                   │      │
│ │        │   65,                                                      │      │
│ │        │   9600,                                                    │      │
│ │        │   9600,                                                    │      │
│ │        │   [                                                        │      │
│ │        │   │   b'\x04',                                             │      │
│ │        │   │   b'\xff',                                             │      │
│ │        │   │   b'\xff',                                             │      │
│ │        │   │   b'\x7f',                                             │      │
│ │        │   │   b'\x17',                                             │      │
│ │        │   │   b'\x15',                                             │      │
│ │        │   │   b'\x12',                                             │      │
│ │        │   │   b'\xff',                                             │      │
│ │        │   │   b'\x03',                                             │      │
│ │        │   │   b'\xff',                                             │      │
│ │        │   │   ... +10                                              │      │
│ │        │   ]                                                        │      │
│ │        ]                                                            │      │
│ │ when = 2                                                            │      │
│ ╰─────────────────────────────────────────────────────────────────────╯      │
╰──────────────────────────────────────────────────────────────────────────────╯
error: (4, 'Interrupted system call')

During handling of the above exception, another exception occurred:

╭───────────────────── Traceback (most recent call last) ──────────────────────╮
│ /Users/sperains/rainswork/work_daily/.venv/lib/python3.13/site-packages/fast │
│ api_cli/cli.py:334 in run                                                    │
│                                                                              │
│   331 │                                                                      │
│   332 │   Otherwise, it uses the first [bold]FastAPI[/bold] app found in the │
│   333 │   """                                                                │
│ ❱ 334 │   _run(                                                              │
│   335 │   │   path=path,                                                     │
│   336 │   │   host=host,                                                     │
│   337 │   │   port=port,                                                     │
│                                                                              │
│ ╭───────── locals ──────────╮                                                │
│ │           app = None      │                                                │
│ │          host = '0.0.0.0' │                                                │
│ │          path = None      │                                                │
│ │          port = 8000      │                                                │
│ │ proxy_headers = True      │                                                │
│ │        reload = False     │                                                │
│ │     root_path = ''        │                                                │
│ │       workers = None      │                                                │
│ ╰───────────────────────────╯                                                │
│                                                                              │
│ /Users/sperains/rainswork/work_daily/.venv/lib/python3.13/site-packages/fast │
│ api_cli/cli.py:90 in _run                                                    │
│                                                                              │
│    87 │   app: Union[str, None] = None,                                      │
│    88 │   proxy_headers: bool = False,                                       │
│    89 ) -> None:                                                             │
│ ❱  90 │   with get_rich_toolkit() as toolkit:                                │
│    91 │   │   server_type = "development" if command == "dev" else "producti │
│    92 │   │                                                                  │
│    93 │   │   toolkit.print_title(f"Starting {server_type} server 🚀", tag=" │
│                                                                              │
│ ╭───────── locals ──────────╮                                                │
│ │           app = None      │                                                │
│ │       command = 'run'     │                                                │
│ │          host = '0.0.0.0' │                                                │
│ │          path = None      │                                                │
│ │          port = 8000      │                                                │
│ │ proxy_headers = True      │                                                │
│ │        reload = False     │                                                │
│ │     root_path = ''        │                                                │
│ │       workers = None      │                                                │
│ ╰───────────────────────────╯                                                │
│                                                                              │
│ /Users/sperains/rainswork/work_daily/.venv/lib/python3.13/site-packages/fast │
│ api_cli/utils/cli.py:62 in get_rich_toolkit                                  │
│                                                                              │
│   59                                                                         │
│   60 def get_rich_toolkit() -> RichToolkit:                                  │
│   61 │   theme = RichToolkitTheme(                                           │
│ ❱ 62 │   │   style=TaggedStyle(tag_width=11),                                │
│   63 │   │   theme={                                                         │
│   64 │   │   │   "tag.title": "white on #009485",                            │
│   65 │   │   │   "tag": "white on #007166",                                  │
│                                                                              │
│ /Users/sperains/rainswork/work_daily/.venv/lib/python3.13/site-packages/rich │
│ _toolkit/styles/tagged.py:33 in __init__                                     │
│                                                                              │
│    30 │   │   │   "tag": "bold",                                             │
│    31 │   │   }                                                              │
│    32 │   │                                                                  │
│ ❱  33 │   │   super().__init__(theme=theme)                                  │
│    34 │                                                                      │
│    35 │   def _get_tag_segments(                                             │
│    36 │   │   self,                                                          │
│                                                                              │
│ ╭───────────────────────────────── locals ─────────────────────────────────╮ │
│ │      self = <rich_toolkit.styles.tagged.TaggedStyle object at            │ │
│ │             0x10f686900>                                                 │ │
│ │ tag_width = 11                                                           │ │
│ │     theme = {'tag.title': 'bold', 'tag': 'bold'}                         │ │
│ ╰──────────────────────────────────────────────────────────────────────────╯ │
│                                                                              │
│ /Users/sperains/rainswork/work_daily/.venv/lib/python3.13/site-packages/rich │
│ _toolkit/styles/base.py:59 in __init__                                       │
│                                                                              │
│    56 │   │   background_color: str = "#000000",                             │
│    57 │   │   text_color: str = "#FFFFFF",                                   │
│    58 │   ):                                                                 │
│ ❱  59 │   │   self.background_color = get_terminal_background_color(backgrou │
│    60 │   │   self.text_color = get_terminal_text_color(text_color)          │
│    61 │   │   self.animation_counter = 0                                     │
│    62                                                                        │
│                                                                              │
│ ╭───────────────────────────────── locals ─────────────────────────────────╮ │
│ │ background_color = '#000000'                                             │ │
│ │             self = <rich_toolkit.styles.tagged.TaggedStyle object at     │ │
│ │                    0x10f686900>                                          │ │
│ │       text_color = '#FFFFFF'                                             │ │
│ │            theme = {'tag.title': 'bold', 'tag': 'bold'}                  │ │
│ ╰──────────────────────────────────────────────────────────────────────────╯ │
│                                                                              │
│ /Users/sperains/rainswork/work_daily/.venv/lib/python3.13/site-packages/rich │
│ _toolkit/utils/colors.py:210 in get_terminal_background_color                │
│                                                                              │
│   207                                                                        │
│   208 def get_terminal_background_color(default_color: str = "#000000") -> s │
│   209 │   """Get the terminal background color."""                           │
│ ❱ 210 │   return _get_terminal_color("background", default_color)            │
│   211                                                                        │
│   212                                                                        │
│   213 if __name__ == "__main__":                                             │
│                                                                              │
│ ╭───────── locals ──────────╮                                                │
│ │ default_color = '#000000' │                                                │
│ ╰───────────────────────────╯                                                │
│                                                                              │
│ /Users/sperains/rainswork/work_daily/.venv/lib/python3.13/site-packages/rich │
│ _toolkit/utils/colors.py:199 in _get_terminal_color                          │
│                                                                              │
│   196 │   │   │   return default_color                                       │
│   197 │   finally:                                                           │
│   198 │   │   # Restore terminal settings                                    │
│ ❱ 199 │   │   termios.tcsetattr(sys.stdin, termios.TCSADRAIN, old_settings)  │
│   200 │   │   os.set_blocking(sys.stdin.fileno(), old_blocking)              │
│   201                                                                        │
│   202                                                                        │
│                                                                              │
│ ╭───────────────────────────────── locals ─────────────────────────────────╮ │
│ │    color_type = 'background'                                             │ │
│ │ default_color = '#000000'                                                │ │
│ │  old_blocking = True                                                     │ │
│ │  old_settings = [                                                        │ │
│ │                 │   27458,                                               │ │
│ │                 │   3,                                                   │ │
│ │                 │   19200,                                               │ │
│ │                 │   1219,                                                │ │
│ │                 │   9600,                                                │ │
│ │                 │   9600,                                                │ │
│ │                 │   [                                                    │ │
│ │                 │   │   b'\x04',                                         │ │
│ │                 │   │   b'\xff',                                         │ │
│ │                 │   │   b'\xff',                                         │ │
│ │                 │   │   b'\x7f',                                         │ │
│ │                 │   │   b'\x17',                                         │ │
│ │                 │   │   b'\x15',                                         │ │
│ │                 │   │   b'\x12',                                         │ │
│ │                 │   │   b'\xff',                                         │ │
│ │                 │   │   b'\x03',                                         │ │
│ │                 │   │   b'\xff',                                         │ │
│ │                 │   │   ... +10                                          │ │
│ │                 │   ]                                                    │ │
│ │                 ]                                                        │ │
│ │            os = <module 'os' (frozen)>                                   │ │
│ │      osc_code = '11'                                                     │ │
│ │            re = <module 're' from                                        │ │
│ │                 '/Users/sperains/.local/share/uv/python/cpython-3.13.3-… │ │
│ │        select = <module 'select' (built-in)>                             │ │
│ │           sys = <module 'sys' (built-in)>                                │ │
│ │       termios = <module 'termios' (built-in)>                            │ │
│ │           tty = <module 'tty' from                                       │ │
│ │                 '/Users/sperains/.local/share/uv/python/cpython-3.13.3-… │ │
│ ╰──────────────────────────────────────────────────────────────────────────╯ │
╰──────────────────────────────────────────────────────────────────────────────╯
error: (25, 'Inappropriate ioctl for device')
