â•­â”€â”€â”€â”€â”€â”€â”€â”€â”€â”€â”€â”€â”€â”€â”€â”€â”€â”€â”€â”€â”€ Traceback (most recent call last) â”€â”€â”€â”€â”€â”€â”€â”€â”€â”€â”€â”€â”€â”€â”€â”€â”€â”€â”€â”€â”€â”€â•®
â”‚ /Users/sperains/rainswork/work_daily/.venv/lib/python3.13/site-packages/rich â”‚
â”‚ _toolkit/utils/colors.py:150 in _get_terminal_color                          â”‚
â”‚                                                                              â”‚
â”‚   147 â”‚                                                                      â”‚
â”‚   148 â”‚   try:                                                               â”‚
â”‚   149 â”‚   â”‚   # Set terminal to raw mode                                     â”‚
â”‚ â± 150 â”‚   â”‚   tty.setraw(sys.stdin)                                          â”‚
â”‚   151 â”‚   â”‚                                                                  â”‚
â”‚   152 â”‚   â”‚   # Send OSC escape sequence to query color                      â”‚
â”‚   153 â”‚   â”‚   sys.stdout.write(f"\033]{osc_code};?\033\\")                   â”‚
â”‚                                                                              â”‚
â”‚ â•­â”€â”€â”€â”€â”€â”€â”€â”€â”€â”€â”€â”€â”€â”€â”€â”€â”€â”€â”€â”€â”€â”€â”€â”€â”€â”€â”€â”€â”€â”€â”€â”€â”€ locals â”€â”€â”€â”€â”€â”€â”€â”€â”€â”€â”€â”€â”€â”€â”€â”€â”€â”€â”€â”€â”€â”€â”€â”€â”€â”€â”€â”€â”€â”€â”€â”€â”€â•® â”‚
â”‚ â”‚    color_type = 'background'                                             â”‚ â”‚
â”‚ â”‚ default_color = '#000000'                                                â”‚ â”‚
â”‚ â”‚  old_blocking = True                                                     â”‚ â”‚
â”‚ â”‚  old_settings = [                                                        â”‚ â”‚
â”‚ â”‚                 â”‚   27458,                                               â”‚ â”‚
â”‚ â”‚                 â”‚   3,                                                   â”‚ â”‚
â”‚ â”‚                 â”‚   19200,                                               â”‚ â”‚
â”‚ â”‚                 â”‚   1219,                                                â”‚ â”‚
â”‚ â”‚                 â”‚   9600,                                                â”‚ â”‚
â”‚ â”‚                 â”‚   9600,                                                â”‚ â”‚
â”‚ â”‚                 â”‚   [                                                    â”‚ â”‚
â”‚ â”‚                 â”‚   â”‚   b'\x04',                                         â”‚ â”‚
â”‚ â”‚                 â”‚   â”‚   b'\xff',                                         â”‚ â”‚
â”‚ â”‚                 â”‚   â”‚   b'\xff',                                         â”‚ â”‚
â”‚ â”‚                 â”‚   â”‚   b'\x7f',                                         â”‚ â”‚
â”‚ â”‚                 â”‚   â”‚   b'\x17',                                         â”‚ â”‚
â”‚ â”‚                 â”‚   â”‚   b'\x15',                                         â”‚ â”‚
â”‚ â”‚                 â”‚   â”‚   b'\x12',                                         â”‚ â”‚
â”‚ â”‚                 â”‚   â”‚   b'\xff',                                         â”‚ â”‚
â”‚ â”‚                 â”‚   â”‚   b'\x03',                                         â”‚ â”‚
â”‚ â”‚                 â”‚   â”‚   b'\xff',                                         â”‚ â”‚
â”‚ â”‚                 â”‚   â”‚   ... +10                                          â”‚ â”‚
â”‚ â”‚                 â”‚   ]                                                    â”‚ â”‚
â”‚ â”‚                 ]                                                        â”‚ â”‚
â”‚ â”‚            os = <module 'os' (frozen)>                                   â”‚ â”‚
â”‚ â”‚      osc_code = '11'                                                     â”‚ â”‚
â”‚ â”‚            re = <module 're' from                                        â”‚ â”‚
â”‚ â”‚                 '/Users/sperains/.local/share/uv/python/cpython-3.13.3-â€¦ â”‚ â”‚
â”‚ â”‚        select = <module 'select' (built-in)>                             â”‚ â”‚
â”‚ â”‚           sys = <module 'sys' (built-in)>                                â”‚ â”‚
â”‚ â”‚       termios = <module 'termios' (built-in)>                            â”‚ â”‚
â”‚ â”‚           tty = <module 'tty' from                                       â”‚ â”‚
â”‚ â”‚                 '/Users/sperains/.local/share/uv/python/cpython-3.13.3-â€¦ â”‚ â”‚
â”‚ â•°â”€â”€â”€â”€â”€â”€â”€â”€â”€â”€â”€â”€â”€â”€â”€â”€â”€â”€â”€â”€â”€â”€â”€â”€â”€â”€â”€â”€â”€â”€â”€â”€â”€â”€â”€â”€â”€â”€â”€â”€â”€â”€â”€â”€â”€â”€â”€â”€â”€â”€â”€â”€â”€â”€â”€â”€â”€â”€â”€â”€â”€â”€â”€â”€â”€â”€â”€â”€â”€â”€â”€â”€â”€â”€â•¯ â”‚
â”‚                                                                              â”‚
â”‚ /Users/sperains/.local/share/uv/python/cpython-3.13.3-macos-x86_64-none/lib/ â”‚
â”‚ python3.13/tty.py:64 in setraw                                               â”‚
â”‚                                                                              â”‚
â”‚   61 â”‚   mode = tcgetattr(fd)                                                â”‚
â”‚   62 â”‚   new = list(mode)                                                    â”‚
â”‚   63 â”‚   cfmakeraw(new)                                                      â”‚
â”‚ â± 64 â”‚   tcsetattr(fd, when, new)                                            â”‚
â”‚   65 â”‚   return mode                                                         â”‚
â”‚   66                                                                         â”‚
â”‚   67 def setcbreak(fd, when=TCSAFLUSH):                                      â”‚
â”‚                                                                              â”‚
â”‚ â•­â”€â”€â”€â”€â”€â”€â”€â”€â”€â”€â”€â”€â”€â”€â”€â”€â”€â”€â”€â”€â”€â”€â”€â”€â”€â”€â”€â”€â”€â”€ locals â”€â”€â”€â”€â”€â”€â”€â”€â”€â”€â”€â”€â”€â”€â”€â”€â”€â”€â”€â”€â”€â”€â”€â”€â”€â”€â”€â”€â”€â”€â”€â•®      â”‚
â”‚ â”‚   fd = <_io.TextIOWrapper name='<stdin>' mode='r' encoding='utf-8'> â”‚      â”‚
â”‚ â”‚ mode = [                                                            â”‚      â”‚
â”‚ â”‚        â”‚   27458,                                                   â”‚      â”‚
â”‚ â”‚        â”‚   3,                                                       â”‚      â”‚
â”‚ â”‚        â”‚   19200,                                                   â”‚      â”‚
â”‚ â”‚        â”‚   1219,                                                    â”‚      â”‚
â”‚ â”‚        â”‚   9600,                                                    â”‚      â”‚
â”‚ â”‚        â”‚   9600,                                                    â”‚      â”‚
â”‚ â”‚        â”‚   [                                                        â”‚      â”‚
â”‚ â”‚        â”‚   â”‚   b'\x04',                                             â”‚      â”‚
â”‚ â”‚        â”‚   â”‚   b'\xff',                                             â”‚      â”‚
â”‚ â”‚        â”‚   â”‚   b'\xff',                                             â”‚      â”‚
â”‚ â”‚        â”‚   â”‚   b'\x7f',                                             â”‚      â”‚
â”‚ â”‚        â”‚   â”‚   b'\x17',                                             â”‚      â”‚
â”‚ â”‚        â”‚   â”‚   b'\x15',                                             â”‚      â”‚
â”‚ â”‚        â”‚   â”‚   b'\x12',                                             â”‚      â”‚
â”‚ â”‚        â”‚   â”‚   b'\xff',                                             â”‚      â”‚
â”‚ â”‚        â”‚   â”‚   b'\x03',                                             â”‚      â”‚
â”‚ â”‚        â”‚   â”‚   b'\xff',                                             â”‚      â”‚
â”‚ â”‚        â”‚   â”‚   ... +10                                              â”‚      â”‚
â”‚ â”‚        â”‚   ]                                                        â”‚      â”‚
â”‚ â”‚        ]                                                            â”‚      â”‚
â”‚ â”‚  new = [                                                            â”‚      â”‚
â”‚ â”‚        â”‚   24576,                                                   â”‚      â”‚
â”‚ â”‚        â”‚   2,                                                       â”‚      â”‚
â”‚ â”‚        â”‚   19200,                                                   â”‚      â”‚
â”‚ â”‚        â”‚   65,                                                      â”‚      â”‚
â”‚ â”‚        â”‚   9600,                                                    â”‚      â”‚
â”‚ â”‚        â”‚   9600,                                                    â”‚      â”‚
â”‚ â”‚        â”‚   [                                                        â”‚      â”‚
â”‚ â”‚        â”‚   â”‚   b'\x04',                                             â”‚      â”‚
â”‚ â”‚        â”‚   â”‚   b'\xff',                                             â”‚      â”‚
â”‚ â”‚        â”‚   â”‚   b'\xff',                                             â”‚      â”‚
â”‚ â”‚        â”‚   â”‚   b'\x7f',                                             â”‚      â”‚
â”‚ â”‚        â”‚   â”‚   b'\x17',                                             â”‚      â”‚
â”‚ â”‚        â”‚   â”‚   b'\x15',                                             â”‚      â”‚
â”‚ â”‚        â”‚   â”‚   b'\x12',                                             â”‚      â”‚
â”‚ â”‚        â”‚   â”‚   b'\xff',                                             â”‚      â”‚
â”‚ â”‚        â”‚   â”‚   b'\x03',                                             â”‚      â”‚
â”‚ â”‚        â”‚   â”‚   b'\xff',                                             â”‚      â”‚
â”‚ â”‚        â”‚   â”‚   ... +10                                              â”‚      â”‚
â”‚ â”‚        â”‚   ]                                                        â”‚      â”‚
â”‚ â”‚        ]                                                            â”‚      â”‚
â”‚ â”‚ when = 2                                                            â”‚      â”‚
â”‚ â•°â”€â”€â”€â”€â”€â”€â”€â”€â”€â”€â”€â”€â”€â”€â”€â”€â”€â”€â”€â”€â”€â”€â”€â”€â”€â”€â”€â”€â”€â”€â”€â”€â”€â”€â”€â”€â”€â”€â”€â”€â”€â”€â”€â”€â”€â”€â”€â”€â”€â”€â”€â”€â”€â”€â”€â”€â”€â”€â”€â”€â”€â”€â”€â”€â”€â”€â”€â”€â”€â•¯      â”‚
â•°â”€â”€â”€â”€â”€â”€â”€â”€â”€â”€â”€â”€â”€â”€â”€â”€â”€â”€â”€â”€â”€â”€â”€â”€â”€â”€â”€â”€â”€â”€â”€â”€â”€â”€â”€â”€â”€â”€â”€â”€â”€â”€â”€â”€â”€â”€â”€â”€â”€â”€â”€â”€â”€â”€â”€â”€â”€â”€â”€â”€â”€â”€â”€â”€â”€â”€â”€â”€â”€â”€â”€â”€â”€â”€â”€â”€â”€â”€â•¯
error: (4, 'Interrupted system call')

During handling of the above exception, another exception occurred:

â•­â”€â”€â”€â”€â”€â”€â”€â”€â”€â”€â”€â”€â”€â”€â”€â”€â”€â”€â”€â”€â”€ Traceback (most recent call last) â”€â”€â”€â”€â”€â”€â”€â”€â”€â”€â”€â”€â”€â”€â”€â”€â”€â”€â”€â”€â”€â”€â•®
â”‚ /Users/sperains/rainswork/work_daily/.venv/lib/python3.13/site-packages/fast â”‚
â”‚ api_cli/cli.py:334 in run                                                    â”‚
â”‚                                                                              â”‚
â”‚   331 â”‚                                                                      â”‚
â”‚   332 â”‚   Otherwise, it uses the first [bold]FastAPI[/bold] app found in the â”‚
â”‚   333 â”‚   """                                                                â”‚
â”‚ â± 334 â”‚   _run(                                                              â”‚
â”‚   335 â”‚   â”‚   path=path,                                                     â”‚
â”‚   336 â”‚   â”‚   host=host,                                                     â”‚
â”‚   337 â”‚   â”‚   port=port,                                                     â”‚
â”‚                                                                              â”‚
â”‚ â•­â”€â”€â”€â”€â”€â”€â”€â”€â”€ locals â”€â”€â”€â”€â”€â”€â”€â”€â”€â”€â•®                                                â”‚
â”‚ â”‚           app = None      â”‚                                                â”‚
â”‚ â”‚          host = '0.0.0.0' â”‚                                                â”‚
â”‚ â”‚          path = None      â”‚                                                â”‚
â”‚ â”‚          port = 8000      â”‚                                                â”‚
â”‚ â”‚ proxy_headers = True      â”‚                                                â”‚
â”‚ â”‚        reload = False     â”‚                                                â”‚
â”‚ â”‚     root_path = ''        â”‚                                                â”‚
â”‚ â”‚       workers = None      â”‚                                                â”‚
â”‚ â•°â”€â”€â”€â”€â”€â”€â”€â”€â”€â”€â”€â”€â”€â”€â”€â”€â”€â”€â”€â”€â”€â”€â”€â”€â”€â”€â”€â•¯                                                â”‚
â”‚                                                                              â”‚
â”‚ /Users/sperains/rainswork/work_daily/.venv/lib/python3.13/site-packages/fast â”‚
â”‚ api_cli/cli.py:90 in _run                                                    â”‚
â”‚                                                                              â”‚
â”‚    87 â”‚   app: Union[str, None] = None,                                      â”‚
â”‚    88 â”‚   proxy_headers: bool = False,                                       â”‚
â”‚    89 ) -> None:                                                             â”‚
â”‚ â±  90 â”‚   with get_rich_toolkit() as toolkit:                                â”‚
â”‚    91 â”‚   â”‚   server_type = "development" if command == "dev" else "producti â”‚
â”‚    92 â”‚   â”‚                                                                  â”‚
â”‚    93 â”‚   â”‚   toolkit.print_title(f"Starting {server_type} server ğŸš€", tag=" â”‚
â”‚                                                                              â”‚
â”‚ â•­â”€â”€â”€â”€â”€â”€â”€â”€â”€ locals â”€â”€â”€â”€â”€â”€â”€â”€â”€â”€â•®                                                â”‚
â”‚ â”‚           app = None      â”‚                                                â”‚
â”‚ â”‚       command = 'run'     â”‚                                                â”‚
â”‚ â”‚          host = '0.0.0.0' â”‚                                                â”‚
â”‚ â”‚          path = None      â”‚                                                â”‚
â”‚ â”‚          port = 8000      â”‚                                                â”‚
â”‚ â”‚ proxy_headers = True      â”‚                                                â”‚
â”‚ â”‚        reload = False     â”‚                                                â”‚
â”‚ â”‚     root_path = ''        â”‚                                                â”‚
â”‚ â”‚       workers = None      â”‚                                                â”‚
â”‚ â•°â”€â”€â”€â”€â”€â”€â”€â”€â”€â”€â”€â”€â”€â”€â”€â”€â”€â”€â”€â”€â”€â”€â”€â”€â”€â”€â”€â•¯                                                â”‚
â”‚                                                                              â”‚
â”‚ /Users/sperains/rainswork/work_daily/.venv/lib/python3.13/site-packages/fast â”‚
â”‚ api_cli/utils/cli.py:62 in get_rich_toolkit                                  â”‚
â”‚                                                                              â”‚
â”‚   59                                                                         â”‚
â”‚   60 def get_rich_toolkit() -> RichToolkit:                                  â”‚
â”‚   61 â”‚   theme = RichToolkitTheme(                                           â”‚
â”‚ â± 62 â”‚   â”‚   style=TaggedStyle(tag_width=11),                                â”‚
â”‚   63 â”‚   â”‚   theme={                                                         â”‚
â”‚   64 â”‚   â”‚   â”‚   "tag.title": "white on #009485",                            â”‚
â”‚   65 â”‚   â”‚   â”‚   "tag": "white on #007166",                                  â”‚
â”‚                                                                              â”‚
â”‚ /Users/sperains/rainswork/work_daily/.venv/lib/python3.13/site-packages/rich â”‚
â”‚ _toolkit/styles/tagged.py:33 in __init__                                     â”‚
â”‚                                                                              â”‚
â”‚    30 â”‚   â”‚   â”‚   "tag": "bold",                                             â”‚
â”‚    31 â”‚   â”‚   }                                                              â”‚
â”‚    32 â”‚   â”‚                                                                  â”‚
â”‚ â±  33 â”‚   â”‚   super().__init__(theme=theme)                                  â”‚
â”‚    34 â”‚                                                                      â”‚
â”‚    35 â”‚   def _get_tag_segments(                                             â”‚
â”‚    36 â”‚   â”‚   self,                                                          â”‚
â”‚                                                                              â”‚
â”‚ â•­â”€â”€â”€â”€â”€â”€â”€â”€â”€â”€â”€â”€â”€â”€â”€â”€â”€â”€â”€â”€â”€â”€â”€â”€â”€â”€â”€â”€â”€â”€â”€â”€â”€ locals â”€â”€â”€â”€â”€â”€â”€â”€â”€â”€â”€â”€â”€â”€â”€â”€â”€â”€â”€â”€â”€â”€â”€â”€â”€â”€â”€â”€â”€â”€â”€â”€â”€â•® â”‚
â”‚ â”‚      self = <rich_toolkit.styles.tagged.TaggedStyle object at            â”‚ â”‚
â”‚ â”‚             0x10f686900>                                                 â”‚ â”‚
â”‚ â”‚ tag_width = 11                                                           â”‚ â”‚
â”‚ â”‚     theme = {'tag.title': 'bold', 'tag': 'bold'}                         â”‚ â”‚
â”‚ â•°â”€â”€â”€â”€â”€â”€â”€â”€â”€â”€â”€â”€â”€â”€â”€â”€â”€â”€â”€â”€â”€â”€â”€â”€â”€â”€â”€â”€â”€â”€â”€â”€â”€â”€â”€â”€â”€â”€â”€â”€â”€â”€â”€â”€â”€â”€â”€â”€â”€â”€â”€â”€â”€â”€â”€â”€â”€â”€â”€â”€â”€â”€â”€â”€â”€â”€â”€â”€â”€â”€â”€â”€â”€â”€â•¯ â”‚
â”‚                                                                              â”‚
â”‚ /Users/sperains/rainswork/work_daily/.venv/lib/python3.13/site-packages/rich â”‚
â”‚ _toolkit/styles/base.py:59 in __init__                                       â”‚
â”‚                                                                              â”‚
â”‚    56 â”‚   â”‚   background_color: str = "#000000",                             â”‚
â”‚    57 â”‚   â”‚   text_color: str = "#FFFFFF",                                   â”‚
â”‚    58 â”‚   ):                                                                 â”‚
â”‚ â±  59 â”‚   â”‚   self.background_color = get_terminal_background_color(backgrou â”‚
â”‚    60 â”‚   â”‚   self.text_color = get_terminal_text_color(text_color)          â”‚
â”‚    61 â”‚   â”‚   self.animation_counter = 0                                     â”‚
â”‚    62                                                                        â”‚
â”‚                                                                              â”‚
â”‚ â•­â”€â”€â”€â”€â”€â”€â”€â”€â”€â”€â”€â”€â”€â”€â”€â”€â”€â”€â”€â”€â”€â”€â”€â”€â”€â”€â”€â”€â”€â”€â”€â”€â”€ locals â”€â”€â”€â”€â”€â”€â”€â”€â”€â”€â”€â”€â”€â”€â”€â”€â”€â”€â”€â”€â”€â”€â”€â”€â”€â”€â”€â”€â”€â”€â”€â”€â”€â•® â”‚
â”‚ â”‚ background_color = '#000000'                                             â”‚ â”‚
â”‚ â”‚             self = <rich_toolkit.styles.tagged.TaggedStyle object at     â”‚ â”‚
â”‚ â”‚                    0x10f686900>                                          â”‚ â”‚
â”‚ â”‚       text_color = '#FFFFFF'                                             â”‚ â”‚
â”‚ â”‚            theme = {'tag.title': 'bold', 'tag': 'bold'}                  â”‚ â”‚
â”‚ â•°â”€â”€â”€â”€â”€â”€â”€â”€â”€â”€â”€â”€â”€â”€â”€â”€â”€â”€â”€â”€â”€â”€â”€â”€â”€â”€â”€â”€â”€â”€â”€â”€â”€â”€â”€â”€â”€â”€â”€â”€â”€â”€â”€â”€â”€â”€â”€â”€â”€â”€â”€â”€â”€â”€â”€â”€â”€â”€â”€â”€â”€â”€â”€â”€â”€â”€â”€â”€â”€â”€â”€â”€â”€â”€â•¯ â”‚
â”‚                                                                              â”‚
â”‚ /Users/sperains/rainswork/work_daily/.venv/lib/python3.13/site-packages/rich â”‚
â”‚ _toolkit/utils/colors.py:210 in get_terminal_background_color                â”‚
â”‚                                                                              â”‚
â”‚   207                                                                        â”‚
â”‚   208 def get_terminal_background_color(default_color: str = "#000000") -> s â”‚
â”‚   209 â”‚   """Get the terminal background color."""                           â”‚
â”‚ â± 210 â”‚   return _get_terminal_color("background", default_color)            â”‚
â”‚   211                                                                        â”‚
â”‚   212                                                                        â”‚
â”‚   213 if __name__ == "__main__":                                             â”‚
â”‚                                                                              â”‚
â”‚ â•­â”€â”€â”€â”€â”€â”€â”€â”€â”€ locals â”€â”€â”€â”€â”€â”€â”€â”€â”€â”€â•®                                                â”‚
â”‚ â”‚ default_color = '#000000' â”‚                                                â”‚
â”‚ â•°â”€â”€â”€â”€â”€â”€â”€â”€â”€â”€â”€â”€â”€â”€â”€â”€â”€â”€â”€â”€â”€â”€â”€â”€â”€â”€â”€â•¯                                                â”‚
â”‚                                                                              â”‚
â”‚ /Users/sperains/rainswork/work_daily/.venv/lib/python3.13/site-packages/rich â”‚
â”‚ _toolkit/utils/colors.py:199 in _get_terminal_color                          â”‚
â”‚                                                                              â”‚
â”‚   196 â”‚   â”‚   â”‚   return default_color                                       â”‚
â”‚   197 â”‚   finally:                                                           â”‚
â”‚   198 â”‚   â”‚   # Restore terminal settings                                    â”‚
â”‚ â± 199 â”‚   â”‚   termios.tcsetattr(sys.stdin, termios.TCSADRAIN, old_settings)  â”‚
â”‚   200 â”‚   â”‚   os.set_blocking(sys.stdin.fileno(), old_blocking)              â”‚
â”‚   201                                                                        â”‚
â”‚   202                                                                        â”‚
â”‚                                                                              â”‚
â”‚ â•­â”€â”€â”€â”€â”€â”€â”€â”€â”€â”€â”€â”€â”€â”€â”€â”€â”€â”€â”€â”€â”€â”€â”€â”€â”€â”€â”€â”€â”€â”€â”€â”€â”€ locals â”€â”€â”€â”€â”€â”€â”€â”€â”€â”€â”€â”€â”€â”€â”€â”€â”€â”€â”€â”€â”€â”€â”€â”€â”€â”€â”€â”€â”€â”€â”€â”€â”€â•® â”‚
â”‚ â”‚    color_type = 'background'                                             â”‚ â”‚
â”‚ â”‚ default_color = '#000000'                                                â”‚ â”‚
â”‚ â”‚  old_blocking = True                                                     â”‚ â”‚
â”‚ â”‚  old_settings = [                                                        â”‚ â”‚
â”‚ â”‚                 â”‚   27458,                                               â”‚ â”‚
â”‚ â”‚                 â”‚   3,                                                   â”‚ â”‚
â”‚ â”‚                 â”‚   19200,                                               â”‚ â”‚
â”‚ â”‚                 â”‚   1219,                                                â”‚ â”‚
â”‚ â”‚                 â”‚   9600,                                                â”‚ â”‚
â”‚ â”‚                 â”‚   9600,                                                â”‚ â”‚
â”‚ â”‚                 â”‚   [                                                    â”‚ â”‚
â”‚ â”‚                 â”‚   â”‚   b'\x04',                                         â”‚ â”‚
â”‚ â”‚                 â”‚   â”‚   b'\xff',                                         â”‚ â”‚
â”‚ â”‚                 â”‚   â”‚   b'\xff',                                         â”‚ â”‚
â”‚ â”‚                 â”‚   â”‚   b'\x7f',                                         â”‚ â”‚
â”‚ â”‚                 â”‚   â”‚   b'\x17',                                         â”‚ â”‚
â”‚ â”‚                 â”‚   â”‚   b'\x15',                                         â”‚ â”‚
â”‚ â”‚                 â”‚   â”‚   b'\x12',                                         â”‚ â”‚
â”‚ â”‚                 â”‚   â”‚   b'\xff',                                         â”‚ â”‚
â”‚ â”‚                 â”‚   â”‚   b'\x03',                                         â”‚ â”‚
â”‚ â”‚                 â”‚   â”‚   b'\xff',                                         â”‚ â”‚
â”‚ â”‚                 â”‚   â”‚   ... +10                                          â”‚ â”‚
â”‚ â”‚                 â”‚   ]                                                    â”‚ â”‚
â”‚ â”‚                 ]                                                        â”‚ â”‚
â”‚ â”‚            os = <module 'os' (frozen)>                                   â”‚ â”‚
â”‚ â”‚      osc_code = '11'                                                     â”‚ â”‚
â”‚ â”‚            re = <module 're' from                                        â”‚ â”‚
â”‚ â”‚                 '/Users/sperains/.local/share/uv/python/cpython-3.13.3-â€¦ â”‚ â”‚
â”‚ â”‚        select = <module 'select' (built-in)>                             â”‚ â”‚
â”‚ â”‚           sys = <module 'sys' (built-in)>                                â”‚ â”‚
â”‚ â”‚       termios = <module 'termios' (built-in)>                            â”‚ â”‚
â”‚ â”‚           tty = <module 'tty' from                                       â”‚ â”‚
â”‚ â”‚                 '/Users/sperains/.local/share/uv/python/cpython-3.13.3-â€¦ â”‚ â”‚
â”‚ â•°â”€â”€â”€â”€â”€â”€â”€â”€â”€â”€â”€â”€â”€â”€â”€â”€â”€â”€â”€â”€â”€â”€â”€â”€â”€â”€â”€â”€â”€â”€â”€â”€â”€â”€â”€â”€â”€â”€â”€â”€â”€â”€â”€â”€â”€â”€â”€â”€â”€â”€â”€â”€â”€â”€â”€â”€â”€â”€â”€â”€â”€â”€â”€â”€â”€â”€â”€â”€â”€â”€â”€â”€â”€â”€â•¯ â”‚
â•°â”€â”€â”€â”€â”€â”€â”€â”€â”€â”€â”€â”€â”€â”€â”€â”€â”€â”€â”€â”€â”€â”€â”€â”€â”€â”€â”€â”€â”€â”€â”€â”€â”€â”€â”€â”€â”€â”€â”€â”€â”€â”€â”€â”€â”€â”€â”€â”€â”€â”€â”€â”€â”€â”€â”€â”€â”€â”€â”€â”€â”€â”€â”€â”€â”€â”€â”€â”€â”€â”€â”€â”€â”€â”€â”€â”€â”€â”€â•¯
error: (25, 'Inappropriate ioctl for device')
